Using pre-set license
Built from '2020.3/staging' branch; Version is '2020.3.17f1 (a4537701e4ab) revision 10769271'; Using compiler version '192528614'; Build Type 'Release'
OS: 'Windows 10 Education; OS build 19041.1052; Version 2004; 64bit' Language: 'fr' Physical Memory: 32648 MB
BatchMode: 1, IsHumanControllingUs: 0, StartBugReporterOnCrash: 0, Is64bit: 1, IsPro: 0

COMMAND LINE ARGUMENTS:
C:\Program Files\Unity\Hub\Editor\2020.3.17f1\Editor\Unity.exe
-adb2
-batchMode
-noUpm
-name
AssetImportWorker0
-projectPath
C:/Users/S0ME0NE/Desktop/jeuxDeCombat2D/StreetFighter
-logFile
Logs/AssetImportWorker0.log
-srvPort
59283
Successfully changed project path to: C:/Users/S0ME0NE/Desktop/jeuxDeCombat2D/StreetFighter
C:/Users/S0ME0NE/Desktop/jeuxDeCombat2D/StreetFighter
Using Asset Import Pipeline V2.
Refreshing native plugins compatible for Editor in 137.71 ms, found 3 plugins.
Preloading 0 native plugins for Editor in 0.00 ms.
Initialize engine version: 2020.3.17f1 (a4537701e4ab)
[Subsystems] Discovering subsystems at path C:/Program Files/Unity/Hub/Editor/2020.3.17f1/Editor/Data/Resources/UnitySubsystems
[Subsystems] Discovering subsystems at path C:/Users/S0ME0NE/Desktop/jeuxDeCombat2D/StreetFighter/Assets
GfxDevice: creating device client; threaded=0
Direct3D:
    Version:  Direct3D 11.0 [level 11.1]
    Renderer: NVIDIA GeForce GTX 950 (ID=0x1402)
    Vendor:   
    VRAM:     2007 MB
    Driver:   27.21.14.5671
Initialize mono
Mono path[0] = 'C:/Program Files/Unity/Hub/Editor/2020.3.17f1/Editor/Data/Managed'
Mono path[1] = 'C:/Program Files/Unity/Hub/Editor/2020.3.17f1/Editor/Data/MonoBleedingEdge/lib/mono/unityjit'
Mono config path = 'C:/Program Files/Unity/Hub/Editor/2020.3.17f1/Editor/Data/MonoBleedingEdge/etc'
Using monoOptions --debugger-agent=transport=dt_socket,embedding=1,server=y,suspend=n,address=127.0.0.1:56288
Begin MonoManager ReloadAssembly
Registering precompiled unity dll's ...
Register platform support module: C:/Program Files/Unity/Hub/Editor/2020.3.17f1/Editor/Data/PlaybackEngines/WindowsStandaloneSupport/UnityEditor.WindowsStandalone.Extensions.dll
Register platform support module: C:/Program Files/Unity/Hub/Editor/2020.3.17f1/Editor/Data/PlaybackEngines/LinuxStandaloneSupport/UnityEditor.LinuxStandalone.Extensions.dll
Registered in 0.004235 seconds.
Native extension for LinuxStandalone target not found
Native extension for WindowsStandalone target not found
Refreshing native plugins compatible for Editor in 58.37 ms, found 3 plugins.
Preloading 0 native plugins for Editor in 0.00 ms.
Mono: successfully reloaded assembly
- Completed reload, in  1.639 seconds
Domain Reload Profiling:
	ReloadAssembly (1639ms)
		BeginReloadAssembly (74ms)
			ExecutionOrderSort (0ms)
			DisableScriptedObjects (0ms)
			BackupInstance (0ms)
			ReleaseScriptingObjects (0ms)
			CreateAndSetChildDomain (1ms)
		EndReloadAssembly (635ms)
			LoadAssemblies (71ms)
			RebuildTransferFunctionScriptingTraits (0ms)
			SetupTypeCache (228ms)
			ReleaseScriptCaches (0ms)
			RebuildScriptCaches (43ms)
			SetupLoadedEditorAssemblies (252ms)
				LogAssemblyErrors (0ms)
				InitializePlatformSupportModulesInManaged (7ms)
				SetLoadedEditorAssemblies (0ms)
				RefreshPlugins (58ms)
				BeforeProcessingInitializeOnLoad (23ms)
				ProcessInitializeOnLoadAttributes (116ms)
				ProcessInitializeOnLoadMethodAttributes (46ms)
				AfterProcessingInitializeOnLoad (0ms)
				EditorAssembliesLoaded (0ms)
			ExecutionOrderSort2 (0ms)
			AwakeInstancesAfterBackupRestoration (0ms)
Platform modules already initialized, skipping
Registering precompiled user dll's ...
Registered in 0.007972 seconds.
Begin MonoManager ReloadAssembly
Native extension for LinuxStandalone target not found
Native extension for WindowsStandalone target not found
Refreshing native plugins compatible for Editor in 58.49 ms, found 3 plugins.
Preloading 0 native plugins for Editor in 0.00 ms.
Mono: successfully reloaded assembly
- Completed reload, in  1.691 seconds
Domain Reload Profiling:
	ReloadAssembly (1692ms)
		BeginReloadAssembly (210ms)
			ExecutionOrderSort (0ms)
			DisableScriptedObjects (8ms)
			BackupInstance (0ms)
			ReleaseScriptingObjects (0ms)
			CreateAndSetChildDomain (25ms)
		EndReloadAssembly (1399ms)
			LoadAssemblies (122ms)
			RebuildTransferFunctionScriptingTraits (0ms)
			SetupTypeCache (423ms)
			ReleaseScriptCaches (1ms)
			RebuildScriptCaches (62ms)
			SetupLoadedEditorAssemblies (618ms)
				LogAssemblyErrors (0ms)
				InitializePlatformSupportModulesInManaged (9ms)
				SetLoadedEditorAssemblies (0ms)
				RefreshPlugins (59ms)
				BeforeProcessingInitializeOnLoad (108ms)
				ProcessInitializeOnLoadAttributes (413ms)
				ProcessInitializeOnLoadMethodAttributes (20ms)
				AfterProcessingInitializeOnLoad (8ms)
				EditorAssembliesLoaded (0ms)
			ExecutionOrderSort2 (0ms)
			AwakeInstancesAfterBackupRestoration (10ms)
Platform modules already initialized, skipping
========================================================================
Worker process is ready to serve import requests
Launched and connected shader compiler UnityShaderCompiler.exe after 0.09 seconds
Refreshing native plugins compatible for Editor in 0.51 ms, found 3 plugins.
Preloading 0 native plugins for Editor in 0.00 ms.
Unloading 2091 Unused Serialized files (Serialized files now loaded: 0)
System memory in use before: 93.1 MB.
System memory in use after: 93.2 MB.

Unloading 28 unused Assets to reduce memory usage. Loaded Objects now: 2528.
Total: 3.384600 ms (FindLiveObjects: 0.191900 ms CreateObjectMapping: 0.083600 ms MarkObjects: 2.981900 ms  DeleteObjects: 0.126300 ms)

AssetImportParameters requested are different than current active one (requested -> active):
  custom:framework-win-MediaFoundation: 216162199b28c13a410421893ffa2e32 -> 
  custom:video-decoder-ogg-theora: a1e56fd34408186e4bbccfd4996cb3dc -> 
  custom:container-muxer-webm: aa71ff27fc2769a1b78a27578f13a17b -> 
  custom:container-demuxer-webm: 4f35f7cbe854078d1ac9338744f61a02 -> 
  custom:container-demuxer-ogg: 62fdf1f143b41e24485cea50d1cbac27 -> 
  custom:video-encoder-webm-vp8: eb34c28f22e8b96e1ab97ce403110664 -> 
  custom:video-decoder-webm-vp8: 9c59270c3fd7afecdb556c50c9e8de78 -> 
  custom:audio-decoder-ogg-vorbis: bf7c407c2cedff20999df2af8eb42d56 -> 
  custom:audio-encoder-webm-vorbis: bf7c407c2cedff20999df2af8eb42d56 -> 
========================================================================
Received Import Request.
  path: Assets/Scenes
  artifactKey: Guid(cbef2ed93dcfe0242af97aa69e8777fd) Importer(815301076,1909f56bfc062723c751e8b465ee728b)
Start importing Assets/Scenes using Guid(cbef2ed93dcfe0242af97aa69e8777fd) Importer(815301076,1909f56bfc062723c751e8b465ee728b)  -> (artifact id: '81c8d454718bc01a184b31ecc11c9e66') in 0.012027 seconds 
  Import took 0.016194 seconds .

========================================================================
Received Prepare
Registering precompiled user dll's ...
Registered in 0.013124 seconds.
Begin MonoManager ReloadAssembly
Native extension for LinuxStandalone target not found
Native extension for WindowsStandalone target not found
Refreshing native plugins compatible for Editor in 0.57 ms, found 5 plugins.
Preloading 0 native plugins for Editor in 0.00 ms.
Mono: successfully reloaded assembly
- Completed reload, in  1.301 seconds
Domain Reload Profiling:
	ReloadAssembly (1302ms)
		BeginReloadAssembly (162ms)
			ExecutionOrderSort (0ms)
			DisableScriptedObjects (8ms)
			BackupInstance (0ms)
			ReleaseScriptingObjects (0ms)
			CreateAndSetChildDomain (49ms)
		EndReloadAssembly (1059ms)
			LoadAssemblies (120ms)
			RebuildTransferFunctionScriptingTraits (0ms)
			SetupTypeCache (339ms)
			ReleaseScriptCaches (1ms)
			RebuildScriptCaches (47ms)
			SetupLoadedEditorAssemblies (437ms)
				LogAssemblyErrors (0ms)
				InitializePlatformSupportModulesInManaged (8ms)
				SetLoadedEditorAssemblies (0ms)
				RefreshPlugins (1ms)
				BeforeProcessingInitializeOnLoad (95ms)
				ProcessInitializeOnLoadAttributes (319ms)
				ProcessInitializeOnLoadMethodAttributes (6ms)
				AfterProcessingInitializeOnLoad (7ms)
				EditorAssembliesLoaded (0ms)
			ExecutionOrderSort2 (0ms)
			AwakeInstancesAfterBackupRestoration (14ms)
Platform modules already initialized, skipping
Refreshing native plugins compatible for Editor in 0.61 ms, found 5 plugins.
Preloading 0 native plugins for Editor in 0.00 ms.
Unloading 2100 Unused Serialized files (Serialized files now loaded: 0)
System memory in use before: 93.2 MB.
System memory in use after: 93.3 MB.

Unloading 33 unused Assets to reduce memory usage. Loaded Objects now: 2575.
Total: 3.117700 ms (FindLiveObjects: 0.197500 ms CreateObjectMapping: 0.086100 ms MarkObjects: 2.781400 ms  DeleteObjects: 0.051600 ms)

AssetImportParameters requested are different than current active one (requested -> active):
  custom:framework-win-MediaFoundation: 216162199b28c13a410421893ffa2e32 -> 
  custom:video-decoder-ogg-theora: a1e56fd34408186e4bbccfd4996cb3dc -> 
  custom:container-muxer-webm: aa71ff27fc2769a1b78a27578f13a17b -> 
  custom:container-demuxer-webm: 4f35f7cbe854078d1ac9338744f61a02 -> 
  custom:container-demuxer-ogg: 62fdf1f143b41e24485cea50d1cbac27 -> 
  custom:video-encoder-webm-vp8: eb34c28f22e8b96e1ab97ce403110664 -> 
  custom:video-decoder-webm-vp8: 9c59270c3fd7afecdb556c50c9e8de78 -> 
  custom:audio-decoder-ogg-vorbis: bf7c407c2cedff20999df2af8eb42d56 -> 
  custom:audio-encoder-webm-vorbis: bf7c407c2cedff20999df2af8eb42d56 -> 
========================================================================
Received Prepare
Registering precompiled user dll's ...
Registered in 0.011895 seconds.
Begin MonoManager ReloadAssembly
Native extension for LinuxStandalone target not found
Native extension for WindowsStandalone target not found
Refreshing native plugins compatible for Editor in 0.55 ms, found 5 plugins.
Preloading 0 native plugins for Editor in 0.00 ms.
Mono: successfully reloaded assembly
- Completed reload, in  1.463 seconds
Domain Reload Profiling:
	ReloadAssembly (1463ms)
		BeginReloadAssembly (244ms)
			ExecutionOrderSort (0ms)
			DisableScriptedObjects (7ms)
			BackupInstance (0ms)
			ReleaseScriptingObjects (0ms)
			CreateAndSetChildDomain (115ms)
		EndReloadAssembly (1147ms)
			LoadAssemblies (105ms)
			RebuildTransferFunctionScriptingTraits (0ms)
			SetupTypeCache (342ms)
			ReleaseScriptCaches (1ms)
			RebuildScriptCaches (48ms)
			SetupLoadedEditorAssemblies (508ms)
				LogAssemblyErrors (0ms)
				InitializePlatformSupportModulesInManaged (7ms)
				SetLoadedEditorAssemblies (0ms)
				RefreshPlugins (1ms)
				BeforeProcessingInitializeOnLoad (102ms)
				ProcessInitializeOnLoadAttributes (376ms)
				ProcessInitializeOnLoadMethodAttributes (9ms)
				AfterProcessingInitializeOnLoad (13ms)
				EditorAssembliesLoaded (0ms)
			ExecutionOrderSort2 (0ms)
			AwakeInstancesAfterBackupRestoration (22ms)
Platform modules already initialized, skipping
Refreshing native plugins compatible for Editor in 0.72 ms, found 5 plugins.
Preloading 0 native plugins for Editor in 0.00 ms.
Unloading 2100 Unused Serialized files (Serialized files now loaded: 0)
System memory in use before: 93.4 MB.
System memory in use after: 93.5 MB.

Unloading 33 unused Assets to reduce memory usage. Loaded Objects now: 2578.
Total: 3.327800 ms (FindLiveObjects: 0.192700 ms CreateObjectMapping: 0.086300 ms MarkObjects: 2.987400 ms  DeleteObjects: 0.060300 ms)

AssetImportParameters requested are different than current active one (requested -> active):
  custom:framework-win-MediaFoundation: 216162199b28c13a410421893ffa2e32 -> 
  custom:video-decoder-ogg-theora: a1e56fd34408186e4bbccfd4996cb3dc -> 
  custom:container-muxer-webm: aa71ff27fc2769a1b78a27578f13a17b -> 
  custom:container-demuxer-webm: 4f35f7cbe854078d1ac9338744f61a02 -> 
  custom:container-demuxer-ogg: 62fdf1f143b41e24485cea50d1cbac27 -> 
  custom:video-encoder-webm-vp8: eb34c28f22e8b96e1ab97ce403110664 -> 
  custom:video-decoder-webm-vp8: 9c59270c3fd7afecdb556c50c9e8de78 -> 
  custom:audio-decoder-ogg-vorbis: bf7c407c2cedff20999df2af8eb42d56 -> 
  custom:audio-encoder-webm-vorbis: bf7c407c2cedff20999df2af8eb42d56 -> 
========================================================================
Received Import Request.
  Time since last request: 406.559417 seconds.
  path: Assets/Plugins
  artifactKey: Guid(720712be6e31c444f88f57bb85bf5fa5) Importer(815301076,1909f56bfc062723c751e8b465ee728b)
Start importing Assets/Plugins using Guid(720712be6e31c444f88f57bb85bf5fa5) Importer(815301076,1909f56bfc062723c751e8b465ee728b)  -> (artifact id: '6e0657f5f67bb2a6a6ef5f89c72c42e6') in 0.022075 seconds 
  Import took 0.027817 seconds .

========================================================================
Received Import Request.
  Time since last request: 1.210068 seconds.
  path: Assets/Plugins/GitHub
  artifactKey: Guid(18e096a98c2704c40a818dd1214cd179) Importer(815301076,1909f56bfc062723c751e8b465ee728b)
Start importing Assets/Plugins/GitHub using Guid(18e096a98c2704c40a818dd1214cd179) Importer(815301076,1909f56bfc062723c751e8b465ee728b)  -> (artifact id: '59c6f830166e8efa550cd7540e1e380d') in 0.009333 seconds 
  Import took 0.013248 seconds .

========================================================================
Received Import Request.
  Time since last request: 1.294740 seconds.
  path: Assets/Plugins/GitHub/Editor
  artifactKey: Guid(cad92998c5182496e8b989b406d9f156) Importer(815301076,1909f56bfc062723c751e8b465ee728b)
Start importing Assets/Plugins/GitHub/Editor using Guid(cad92998c5182496e8b989b406d9f156) Importer(815301076,1909f56bfc062723c751e8b465ee728b)  -> (artifact id: '68b76539ee6b3734ea2c967b68c15ffd') in 0.015698 seconds 
  Import took 0.019490 seconds .

========================================================================
Received Import Request.
  Time since last request: 0.096970 seconds.
  path: Assets/Plugins/GitHub/Editor/big-logo@2x.png
  artifactKey: Guid(f81094832d834c64d93b198cb16b6a3e) Importer(815301076,1909f56bfc062723c751e8b465ee728b)
Start importing Assets/Plugins/GitHub/Editor/big-logo@2x.png using Guid(f81094832d834c64d93b198cb16b6a3e) Importer(815301076,1909f56bfc062723c751e8b465ee728b)  -> (artifact id: '0adcc90895ff65591bff4907a049684c') in 0.104734 seconds 
  Import took 0.110637 seconds .

========================================================================
Received Import Request.
  Time since last request: 1743.561377 seconds.
  path: Assets/Bandits - Pixel Art/Environment/EnvironmentPalette_Bandits.prefab
  artifactKey: Guid(d0b1ecf02cfc8d74eb616310a86c7be6) Importer(815301076,1909f56bfc062723c751e8b465ee728b)
Start importing Assets/Bandits - Pixel Art/Environment/EnvironmentPalette_Bandits.prefab using Guid(d0b1ecf02cfc8d74eb616310a86c7be6) Importer(815301076,1909f56bfc062723c751e8b465ee728b)  -> (artifact id: '79f2e8be7c0c0fd133df575e1af80e9e') in 0.194137 seconds 
  Import took 0.199597 seconds .

========================================================================
Received Import Request.
  Time since last request: 0.000162 seconds.
  path: Assets/Bandits - Pixel Art/Environment/EnvironmentTiles_0.asset
  artifactKey: Guid(099dfb8d0a4c81443afd494f1dd4efdb) Importer(815301076,1909f56bfc062723c751e8b465ee728b)
Start importing Assets/Bandits - Pixel Art/Environment/EnvironmentTiles_0.asset using Guid(099dfb8d0a4c81443afd494f1dd4efdb) Importer(815301076,1909f56bfc062723c751e8b465ee728b)  -> (artifact id: 'f494a00f8002538110af5b31c91e910f') in 0.121588 seconds 
  Import took 0.128269 seconds .

========================================================================
Received Import Request.
  Time since last request: 0.000252 seconds.
  path: Assets/Bandits - Pixel Art/Environment/EnvironmentTiles_2.asset
  artifactKey: Guid(b1553fc119586b146b7de8143c7960bb) Importer(815301076,1909f56bfc062723c751e8b465ee728b)
Start importing Assets/Bandits - Pixel Art/Environment/EnvironmentTiles_2.asset using Guid(b1553fc119586b146b7de8143c7960bb) Importer(815301076,1909f56bfc062723c751e8b465ee728b)  -> (artifact id: '89f5fb8174033f4a95556722bed53d44') in 0.022652 seconds 
  Import took 0.026652 seconds .

========================================================================
Received Import Request.
  Time since last request: 0.000226 seconds.
  path: Assets/Bandits - Pixel Art/Environment/EnvironmentPalette_Bandits.prefab
  artifactKey: Guid(d0b1ecf02cfc8d74eb616310a86c7be6) Importer(815301076,1909f56bfc062723c751e8b465ee728b)
Start importing Assets/Bandits - Pixel Art/Environment/EnvironmentPalette_Bandits.prefab using Guid(d0b1ecf02cfc8d74eb616310a86c7be6) Importer(815301076,1909f56bfc062723c751e8b465ee728b)  -> (artifact id: '79f2e8be7c0c0fd133df575e1af80e9e') in 0.028984 seconds 
  Import took 0.042128 seconds .

========================================================================
Received Import Request.
  Time since last request: 0.000062 seconds.
  path: Assets/Bandits - Pixel Art/Environment/EnvironmentTiles_3.asset
  artifactKey: Guid(9fe3466be7b855147a04a2abf850e606) Importer(815301076,1909f56bfc062723c751e8b465ee728b)
Start importing Assets/Bandits - Pixel Art/Environment/EnvironmentTiles_3.asset using Guid(9fe3466be7b855147a04a2abf850e606) Importer(815301076,1909f56bfc062723c751e8b465ee728b)  -> (artifact id: '5101be3c2d0136b0ff1de920562cbcce') in 0.035164 seconds 
  Import took 0.041830 seconds .

========================================================================
Received Import Request.
  Time since last request: 0.000542 seconds.
  path: Assets/Bandits - Pixel Art/Environment/EnvironmentTiles_1.asset
  artifactKey: Guid(6c1f9e9606c1bef42a75b6a897df3e90) Importer(815301076,1909f56bfc062723c751e8b465ee728b)
Start importing Assets/Bandits - Pixel Art/Environment/EnvironmentTiles_1.asset using Guid(6c1f9e9606c1bef42a75b6a897df3e90) Importer(815301076,1909f56bfc062723c751e8b465ee728b)  -> (artifact id: 'da4a1a8112364e49e15b4e9e4ed2f528') in 0.021558 seconds 
  Import took 0.026471 seconds .

========================================================================
Received Import Request.
  Time since last request: 2.785409 seconds.
  path: Assets/Bandits - Pixel Art/Sprites/Background.png
  artifactKey: Guid(0ce96aa6462620e47ac56eccbb027deb) Importer(815301076,1909f56bfc062723c751e8b465ee728b)
Start importing Assets/Bandits - Pixel Art/Sprites/Background.png using Guid(0ce96aa6462620e47ac56eccbb027deb) Importer(815301076,1909f56bfc062723c751e8b465ee728b)  -> (artifact id: '3b50a355868626175601aed2dac9211a') in 0.038202 seconds 
  Import took 0.043252 seconds .

========================================================================
Received Import Request.
  Time since last request: 0.000180 seconds.
  path: Assets/Bandits - Pixel Art/Sprites/HeavyBandit.png
  artifactKey: Guid(317b8365a4649ab459f6cb58ec8f9f18) Importer(815301076,1909f56bfc062723c751e8b465ee728b)
Start importing Assets/Bandits - Pixel Art/Sprites/HeavyBandit.png using Guid(317b8365a4649ab459f6cb58ec8f9f18) Importer(815301076,1909f56bfc062723c751e8b465ee728b)  -> (artifact id: '511672ad0aca44b283244475086a645b') in 0.160125 seconds 
  Import took 0.164653 seconds .

========================================================================
Received Import Request.
  Time since last request: 0.000086 seconds.
  path: Assets/Bandits - Pixel Art/Sprites/LightBandit.png
  artifactKey: Guid(f2ed27d6c1c3ccc48959bcca269d88f0) Importer(815301076,1909f56bfc062723c751e8b465ee728b)
Start importing Assets/Bandits - Pixel Art/Sprites/LightBandit.png using Guid(f2ed27d6c1c3ccc48959bcca269d88f0) Importer(815301076,1909f56bfc062723c751e8b465ee728b)  -> (artifact id: '9412ea57efe3463bbe57aaa09ea1929c') in 0.164755 seconds 
  Import took 0.169688 seconds .

========================================================================
Received Import Request.
  Time since last request: 0.000241 seconds.
  path: Assets/Bandits - Pixel Art/Sprites/EnvironmentTiles.png
  artifactKey: Guid(e10f9fe96b3acda42b06f252bba789de) Importer(815301076,1909f56bfc062723c751e8b465ee728b)
Start importing Assets/Bandits - Pixel Art/Sprites/EnvironmentTiles.png using Guid(e10f9fe96b3acda42b06f252bba789de) Importer(815301076,1909f56bfc062723c751e8b465ee728b)  -> (artifact id: '720f161bcb10ba5e85d20bb997c03840') in 0.032987 seconds 
  Import took 0.038323 seconds .

========================================================================
Received Import Request.
  Time since last request: 46.028913 seconds.
  path: Assets/Bandits - Pixel Art/Sprites/HeavyBandit_0.asset
  artifactKey: Guid(8ff15667447a577428852d4a13fa8f0f) Importer(815301076,1909f56bfc062723c751e8b465ee728b)
Start importing Assets/Bandits - Pixel Art/Sprites/HeavyBandit_0.asset using Guid(8ff15667447a577428852d4a13fa8f0f) Importer(815301076,1909f56bfc062723c751e8b465ee728b)  -> (artifact id: '5cf21fb89245bc6d6da1f143d21c11f8') in 0.022969 seconds 
  Import took 0.081163 seconds .

========================================================================
Received Import Request.
  Time since last request: 0.000052 seconds.
  path: Assets/Bandits - Pixel Art/Sprites/HeavyBandit_30.asset
  artifactKey: Guid(07954ec4d423ac9429dd51603a278936) Importer(815301076,1909f56bfc062723c751e8b465ee728b)
Start importing Assets/Bandits - Pixel Art/Sprites/HeavyBandit_30.asset using Guid(07954ec4d423ac9429dd51603a278936) Importer(815301076,1909f56bfc062723c751e8b465ee728b)  -> (artifact id: 'a0ab6b731a4f8338b5033a19a40881b2') in 0.037363 seconds 
  Import took 0.047404 seconds .

========================================================================
Received Import Request.
  Time since last request: 0.000296 seconds.
  path: Assets/Bandits - Pixel Art/Sprites/HeavyBandit_10.asset
  artifactKey: Guid(7b8280fa19ca1f9449de44f714369348) Importer(815301076,1909f56bfc062723c751e8b465ee728b)
Start importing Assets/Bandits - Pixel Art/Sprites/HeavyBandit_10.asset using Guid(7b8280fa19ca1f9449de44f714369348) Importer(815301076,1909f56bfc062723c751e8b465ee728b)  -> (artifact id: '2b0881c7b96f3ecf20d264901bc03910') in 0.023145 seconds 
  Import took 0.026878 seconds .

========================================================================
Received Import Request.
  Time since last request: 0.000186 seconds.
  path: Assets/Bandits - Pixel Art/Sprites/HeavyBandit_1.asset
  artifactKey: Guid(5aa7349852c1b024f919928db0c0d6ce) Importer(815301076,1909f56bfc062723c751e8b465ee728b)
Start importing Assets/Bandits - Pixel Art/Sprites/HeavyBandit_1.asset using Guid(5aa7349852c1b024f919928db0c0d6ce) Importer(815301076,1909f56bfc062723c751e8b465ee728b)  -> (artifact id: '73bf6ec6a091f808d2804b2024054972') in 0.025570 seconds 
  Import took 0.030155 seconds .

========================================================================
Received Import Request.
  Time since last request: 0.000219 seconds.
  path: Assets/Bandits - Pixel Art/Sprites/HeavyBandit_7.asset
  artifactKey: Guid(1c56c5bbd4f51a1409f761dd4a508b51) Importer(815301076,1909f56bfc062723c751e8b465ee728b)
Start importing Assets/Bandits - Pixel Art/Sprites/HeavyBandit_7.asset using Guid(1c56c5bbd4f51a1409f761dd4a508b51) Importer(815301076,1909f56bfc062723c751e8b465ee728b)  -> (artifact id: '56e65fcd9b778287982e6aa2d291f2e2') in 0.031632 seconds 
  Import took 0.042298 seconds .

========================================================================
Received Import Request.
  Time since last request: 0.000119 seconds.
  path: Assets/Bandits - Pixel Art/Sprites/HeavyBandit_3.asset
  artifactKey: Guid(745d2742d89f1424e9916660540eadc4) Importer(815301076,1909f56bfc062723c751e8b465ee728b)
Start importing Assets/Bandits - Pixel Art/Sprites/HeavyBandit_3.asset using Guid(745d2742d89f1424e9916660540eadc4) Importer(815301076,1909f56bfc062723c751e8b465ee728b)  -> (artifact id: '63dab4a02dc8e167895cdb7e935f0d1d') in 0.027613 seconds 
  Import took 0.031835 seconds .

========================================================================
Received Import Request.
  Time since last request: 0.000252 seconds.
  path: Assets/Bandits - Pixel Art/Sprites/HeavyBandit_11.asset
  artifactKey: Guid(34c43d3cfde79f34eb15c3f32d6c4a6c) Importer(815301076,1909f56bfc062723c751e8b465ee728b)
Start importing Assets/Bandits - Pixel Art/Sprites/HeavyBandit_11.asset using Guid(34c43d3cfde79f34eb15c3f32d6c4a6c) Importer(815301076,1909f56bfc062723c751e8b465ee728b)  -> (artifact id: '7b0d56fe97fd236cb6a42de7048d986e') in 0.029284 seconds 
  Import took 0.033840 seconds .

========================================================================
Received Import Request.
  Time since last request: 0.000184 seconds.
  path: Assets/Bandits - Pixel Art/Sprites/HeavyBandit_19.asset
  artifactKey: Guid(6997bd526c0c1b341add08a54577a945) Importer(815301076,1909f56bfc062723c751e8b465ee728b)
Start importing Assets/Bandits - Pixel Art/Sprites/HeavyBandit_19.asset using Guid(6997bd526c0c1b341add08a54577a945) Importer(815301076,1909f56bfc062723c751e8b465ee728b)  -> (artifact id: '84ffcfece1dcdc56225465d47ae93ef9') in 0.020061 seconds 
  Import took 0.031421 seconds .

========================================================================
Received Import Request.
  Time since last request: 0.000226 seconds.
  path: Assets/Bandits - Pixel Art/Sprites/HeavyBandit_35.asset
  artifactKey: Guid(bfa42465c0f38924493b2203eefb0893) Importer(815301076,1909f56bfc062723c751e8b465ee728b)
Start importing Assets/Bandits - Pixel Art/Sprites/HeavyBandit_35.asset using Guid(bfa42465c0f38924493b2203eefb0893) Importer(815301076,1909f56bfc062723c751e8b465ee728b)  -> (artifact id: 'fe6db41e27196149d990502ef1daacf8') in 0.024597 seconds 
  Import took 0.029744 seconds .

========================================================================
Received Import Request.
  Time since last request: 0.000097 seconds.
  path: Assets/Bandits - Pixel Art/Sprites/HeavyBandit_23.asset
  artifactKey: Guid(c7a8e2439378c53418b0276ec248ff03) Importer(815301076,1909f56bfc062723c751e8b465ee728b)
Start importing Assets/Bandits - Pixel Art/Sprites/HeavyBandit_23.asset using Guid(c7a8e2439378c53418b0276ec248ff03) Importer(815301076,1909f56bfc062723c751e8b465ee728b)  -> (artifact id: 'de497aac984a5da74080e02a2d3093b1') in 0.018632 seconds 
  Import took 0.023543 seconds .

========================================================================
Received Import Request.
  Time since last request: 0.005187 seconds.
  path: Assets/Bandits - Pixel Art/Sprites/HeavyBandit_12.asset
  artifactKey: Guid(1db5465606412ad4d8492ed00d692165) Importer(815301076,1909f56bfc062723c751e8b465ee728b)
Start importing Assets/Bandits - Pixel Art/Sprites/HeavyBandit_12.asset using Guid(1db5465606412ad4d8492ed00d692165) Importer(815301076,1909f56bfc062723c751e8b465ee728b)  -> (artifact id: '5eddf7f515b3b85d5e1807f87a1fc4a4') in 0.065912 seconds 
  Import took 0.071482 seconds .

========================================================================
Received Import Request.
  Time since last request: 0.000373 seconds.
  path: Assets/Bandits - Pixel Art/Sprites/HeavyBandit_27.asset
  artifactKey: Guid(f838e8f09b99c37489733d109d78515c) Importer(815301076,1909f56bfc062723c751e8b465ee728b)
Start importing Assets/Bandits - Pixel Art/Sprites/HeavyBandit_27.asset using Guid(f838e8f09b99c37489733d109d78515c) Importer(815301076,1909f56bfc062723c751e8b465ee728b)  -> (artifact id: '17ae6b2506b327e947402c4fad232f6c') in 0.021584 seconds 
  Import took 0.027840 seconds .

========================================================================
Received Import Request.
  Time since last request: 0.000250 seconds.
  path: Assets/Bandits - Pixel Art/Sprites/HeavyBandit_8.asset
  artifactKey: Guid(fbad393f42dca1e43a89ae857ca52304) Importer(815301076,1909f56bfc062723c751e8b465ee728b)
Start importing Assets/Bandits - Pixel Art/Sprites/HeavyBandit_8.asset using Guid(fbad393f42dca1e43a89ae857ca52304) Importer(815301076,1909f56bfc062723c751e8b465ee728b)  -> (artifact id: '5e848293db97bdf489773b24b1c12a57') in 0.033297 seconds 
  Import took 0.038082 seconds .

========================================================================
Received Import Request.
  Time since last request: 0.000108 seconds.
  path: Assets/Bandits - Pixel Art/Sprites/HeavyBandit_26.asset
  artifactKey: Guid(c59d54ca6693f434fa31fe03ceefd761) Importer(815301076,1909f56bfc062723c751e8b465ee728b)
Start importing Assets/Bandits - Pixel Art/Sprites/HeavyBandit_26.asset using Guid(c59d54ca6693f434fa31fe03ceefd761) Importer(815301076,1909f56bfc062723c751e8b465ee728b)  -> (artifact id: '81b73f41d7c22d2528d152f59ee1f651') in 0.021491 seconds 
  Import took 0.028029 seconds .

========================================================================
Received Import Request.
  Time since last request: 0.000059 seconds.
  path: Assets/Bandits - Pixel Art/Sprites/HeavyBandit_8.asset
  artifactKey: Guid(fbad393f42dca1e43a89ae857ca52304) Importer(815301076,1909f56bfc062723c751e8b465ee728b)
Start importing Assets/Bandits - Pixel Art/Sprites/HeavyBandit_8.asset using Guid(fbad393f42dca1e43a89ae857ca52304) Importer(815301076,1909f56bfc062723c751e8b465ee728b)  -> (artifact id: '5e848293db97bdf489773b24b1c12a57') in 0.018107 seconds 
  Import took 0.023899 seconds .

========================================================================
Received Import Request.
  Time since last request: 0.000303 seconds.
  path: Assets/Bandits - Pixel Art/Sprites/HeavyBandit_32.asset
  artifactKey: Guid(413de84804104944ebb5e80b8deb5756) Importer(815301076,1909f56bfc062723c751e8b465ee728b)
Start importing Assets/Bandits - Pixel Art/Sprites/HeavyBandit_32.asset using Guid(413de84804104944ebb5e80b8deb5756) Importer(815301076,1909f56bfc062723c751e8b465ee728b)  -> (artifact id: 'e75deb27521cd8c80eb93931bca50b4e') in 0.025111 seconds 
  Import took 0.028992 seconds .

========================================================================
Received Import Request.
  Time since last request: 0.000266 seconds.
  path: Assets/Bandits - Pixel Art/Sprites/HeavyBandit_2.asset
  artifactKey: Guid(1c8dcf0016d91a8438a304ff6c98aba3) Importer(815301076,1909f56bfc062723c751e8b465ee728b)
Start importing Assets/Bandits - Pixel Art/Sprites/HeavyBandit_2.asset using Guid(1c8dcf0016d91a8438a304ff6c98aba3) Importer(815301076,1909f56bfc062723c751e8b465ee728b)  -> (artifact id: 'd9ab8cd450d42c252da871a76e862077') in 0.018083 seconds 
  Import took 0.022001 seconds .

========================================================================
Received Import Request.
  Time since last request: 0.000215 seconds.
  path: Assets/Bandits - Pixel Art/Sprites/HeavyBandit_22.asset
  artifactKey: Guid(91ce0253dbabb164eb48ccb144f7216c) Importer(815301076,1909f56bfc062723c751e8b465ee728b)
Start importing Assets/Bandits - Pixel Art/Sprites/HeavyBandit_22.asset using Guid(91ce0253dbabb164eb48ccb144f7216c) Importer(815301076,1909f56bfc062723c751e8b465ee728b)  -> (artifact id: '2b2620acc4a18ebcf7544018a6686743') in 0.038197 seconds 
  Import took 0.042516 seconds .

========================================================================
Received Import Request.
  Time since last request: 0.000179 seconds.
  path: Assets/Bandits - Pixel Art/Sprites/HeavyBandit_34.asset
  artifactKey: Guid(14abbd7c438cdf44b88d198567c9a75b) Importer(815301076,1909f56bfc062723c751e8b465ee728b)
Start importing Assets/Bandits - Pixel Art/Sprites/HeavyBandit_34.asset using Guid(14abbd7c438cdf44b88d198567c9a75b) Importer(815301076,1909f56bfc062723c751e8b465ee728b)  -> (artifact id: 'b0441cde800cbf3976fe6f4dc66a6275') in 0.037718 seconds 
  Import took 0.041774 seconds .

========================================================================
Received Import Request.
  Time since last request: 0.000216 seconds.
  path: Assets/Bandits - Pixel Art/Sprites/HeavyBandit_4.asset
  artifactKey: Guid(a1a0f91f0cdce3747a0ee45ed023cca0) Importer(815301076,1909f56bfc062723c751e8b465ee728b)
Start importing Assets/Bandits - Pixel Art/Sprites/HeavyBandit_4.asset using Guid(a1a0f91f0cdce3747a0ee45ed023cca0) Importer(815301076,1909f56bfc062723c751e8b465ee728b)  -> (artifact id: 'a645a3cd8869c5f4475d6640bbd80827') in 0.020593 seconds 
  Import took 0.028210 seconds .

========================================================================
Received Import Request.
  Time since last request: 0.000317 seconds.
  path: Assets/Bandits - Pixel Art/Sprites/HeavyBandit_5.asset
  artifactKey: Guid(361d57dbfa7310b4282b3d69c3714d67) Importer(815301076,1909f56bfc062723c751e8b465ee728b)
Start importing Assets/Bandits - Pixel Art/Sprites/HeavyBandit_5.asset using Guid(361d57dbfa7310b4282b3d69c3714d67) Importer(815301076,1909f56bfc062723c751e8b465ee728b)  -> (artifact id: 'fa69dc7d15a5093f09ea97d6200bcb55') in 0.032527 seconds 
  Import took 0.037058 seconds .

========================================================================
Received Import Request.
  Time since last request: 0.000188 seconds.
  path: Assets/Bandits - Pixel Art/Sprites/HeavyBandit_33.asset
  artifactKey: Guid(cbd3e5be6c9b6cb40889a714f6ecef84) Importer(815301076,1909f56bfc062723c751e8b465ee728b)
Start importing Assets/Bandits - Pixel Art/Sprites/HeavyBandit_33.asset using Guid(cbd3e5be6c9b6cb40889a714f6ecef84) Importer(815301076,1909f56bfc062723c751e8b465ee728b)  -> (artifact id: '61028764e8e464e82a6d3b76f1e3da8c') in 0.024549 seconds 
  Import took 0.029365 seconds .

========================================================================
Received Import Request.
  Time since last request: 0.000238 seconds.
  path: Assets/Bandits - Pixel Art/Sprites/HeavyBandit_18.asset
  artifactKey: Guid(290bcee8f5a4b834e802b9686060ba77) Importer(815301076,1909f56bfc062723c751e8b465ee728b)
Start importing Assets/Bandits - Pixel Art/Sprites/HeavyBandit_18.asset using Guid(290bcee8f5a4b834e802b9686060ba77) Importer(815301076,1909f56bfc062723c751e8b465ee728b)  -> (artifact id: 'fed1bc61e6111b5c216182238508609f') in 0.023344 seconds 
  Import took 0.027535 seconds .

========================================================================
Received Import Request.
  Time since last request: 0.000199 seconds.
  path: Assets/Bandits - Pixel Art/Sprites/HeavyBandit_29.asset
  artifactKey: Guid(939f36cafc158294f95405ae0b04445c) Importer(815301076,1909f56bfc062723c751e8b465ee728b)
Start importing Assets/Bandits - Pixel Art/Sprites/HeavyBandit_29.asset using Guid(939f36cafc158294f95405ae0b04445c) Importer(815301076,1909f56bfc062723c751e8b465ee728b)  -> (artifact id: '811a5c11ab40e26b8da041e0ec8ffbb1') in 0.019527 seconds 
  Import took 0.023854 seconds .

========================================================================
Received Import Request.
  Time since last request: 0.000220 seconds.
  path: Assets/Bandits - Pixel Art/Sprites/HeavyBandit_14.asset
  artifactKey: Guid(0b2c1fc53cddbe748a81e8e1cc1bf7c0) Importer(815301076,1909f56bfc062723c751e8b465ee728b)
Start importing Assets/Bandits - Pixel Art/Sprites/HeavyBandit_14.asset using Guid(0b2c1fc53cddbe748a81e8e1cc1bf7c0) Importer(815301076,1909f56bfc062723c751e8b465ee728b)  -> (artifact id: 'd1261b4609ef5f907f3940ee5d6b5d97') in 0.022935 seconds 
  Import took 0.028566 seconds .

========================================================================
Received Import Request.
  Time since last request: 0.000121 seconds.
  path: Assets/Bandits - Pixel Art/Sprites/HeavyBandit_9.asset
  artifactKey: Guid(17c7ef7723c15564fa9e9ad78ad87a57) Importer(815301076,1909f56bfc062723c751e8b465ee728b)
Start importing Assets/Bandits - Pixel Art/Sprites/HeavyBandit_9.asset using Guid(17c7ef7723c15564fa9e9ad78ad87a57) Importer(815301076,1909f56bfc062723c751e8b465ee728b)  -> (artifact id: 'ea2f4840fdfd44ca230a1e09687d64a6') in 0.020020 seconds 
  Import took 0.025030 seconds .

========================================================================
Received Import Request.
  Time since last request: 0.000077 seconds.
  path: Assets/Bandits - Pixel Art/Sprites/HeavyBandit_21.asset
  artifactKey: Guid(bc33c91b4a68e774f9cf1973571d4f9f) Importer(815301076,1909f56bfc062723c751e8b465ee728b)
Start importing Assets/Bandits - Pixel Art/Sprites/HeavyBandit_21.asset using Guid(bc33c91b4a68e774f9cf1973571d4f9f) Importer(815301076,1909f56bfc062723c751e8b465ee728b)  -> (artifact id: '86261e62903a193a0064a44720bb8728') in 0.022009 seconds 
  Import took 0.026749 seconds .

========================================================================
Received Import Request.
  Time since last request: 0.000266 seconds.
  path: Assets/Bandits - Pixel Art/Sprites/HeavyBandit_24.asset
  artifactKey: Guid(aadedb6b618244f43bdcdf14734fea1f) Importer(815301076,1909f56bfc062723c751e8b465ee728b)
Start importing Assets/Bandits - Pixel Art/Sprites/HeavyBandit_24.asset using Guid(aadedb6b618244f43bdcdf14734fea1f) Importer(815301076,1909f56bfc062723c751e8b465ee728b)  -> (artifact id: '4dbd9494e4d08e7838c4f73cf69a4d0f') in 0.032516 seconds 
  Import took 0.036925 seconds .

========================================================================
Received Import Request.
  Time since last request: 0.000218 seconds.
  path: Assets/Bandits - Pixel Art/Sprites/HeavyBandit_31.asset
  artifactKey: Guid(7e8e4477435cbfc488f1c2111ad617ab) Importer(815301076,1909f56bfc062723c751e8b465ee728b)
Start importing Assets/Bandits - Pixel Art/Sprites/HeavyBandit_31.asset using Guid(7e8e4477435cbfc488f1c2111ad617ab) Importer(815301076,1909f56bfc062723c751e8b465ee728b)  -> (artifact id: 'ce93b97e70ecebdbd0d7abb9d0b305b4') in 0.021385 seconds 
  Import took 0.027592 seconds .

========================================================================
Received Import Request.
  Time since last request: 0.000242 seconds.
  path: Assets/Bandits - Pixel Art/Sprites/HeavyBandit_25.asset
  artifactKey: Guid(6fb772513a3f23a42a06f799a2d09bec) Importer(815301076,1909f56bfc062723c751e8b465ee728b)
Start importing Assets/Bandits - Pixel Art/Sprites/HeavyBandit_25.asset using Guid(6fb772513a3f23a42a06f799a2d09bec) Importer(815301076,1909f56bfc062723c751e8b465ee728b)  -> (artifact id: '1cda5759988c0abd2708b57d82d920c2') in 0.017428 seconds 
  Import took 0.021232 seconds .

========================================================================
Received Import Request.
  Time since last request: 0.000151 seconds.
  path: Assets/Bandits - Pixel Art/Sprites/HeavyBandit_17.asset
  artifactKey: Guid(354bc3a3f9ea3cc42a513e151c1d7241) Importer(815301076,1909f56bfc062723c751e8b465ee728b)
Start importing Assets/Bandits - Pixel Art/Sprites/HeavyBandit_17.asset using Guid(354bc3a3f9ea3cc42a513e151c1d7241) Importer(815301076,1909f56bfc062723c751e8b465ee728b)  -> (artifact id: '0042652080cb7ab6d06ae16080e62874') in 0.022680 seconds 
  Import took 0.026322 seconds .

========================================================================
Received Import Request.
  Time since last request: 0.000213 seconds.
  path: Assets/Bandits - Pixel Art/Sprites/HeavyBandit_13.asset
  artifactKey: Guid(857ee1f6ba043d245938ff7b4dc26bab) Importer(815301076,1909f56bfc062723c751e8b465ee728b)
Start importing Assets/Bandits - Pixel Art/Sprites/HeavyBandit_13.asset using Guid(857ee1f6ba043d245938ff7b4dc26bab) Importer(815301076,1909f56bfc062723c751e8b465ee728b)  -> (artifact id: '9c618f4f0f24eb08132742b1c2f71356') in 0.026056 seconds 
  Import took 0.030835 seconds .

========================================================================
Received Import Request.
  Time since last request: 0.000057 seconds.
  path: Assets/Bandits - Pixel Art/Sprites/HeavyBandit_16.asset
  artifactKey: Guid(734f72fe7421b6e4aba63fb29ddbbc44) Importer(815301076,1909f56bfc062723c751e8b465ee728b)
Start importing Assets/Bandits - Pixel Art/Sprites/HeavyBandit_16.asset using Guid(734f72fe7421b6e4aba63fb29ddbbc44) Importer(815301076,1909f56bfc062723c751e8b465ee728b)  -> (artifact id: '1c5fbed923a9c9d94ac08f57a534bf95') in 0.022667 seconds 
  Import took 0.027851 seconds .

========================================================================
Received Import Request.
  Time since last request: 0.000262 seconds.
  path: Assets/Bandits - Pixel Art/Sprites/HeavyBandit_28.asset
  artifactKey: Guid(2844b63f4d3148d42afcdd9f8da70d54) Importer(815301076,1909f56bfc062723c751e8b465ee728b)
Start importing Assets/Bandits - Pixel Art/Sprites/HeavyBandit_28.asset using Guid(2844b63f4d3148d42afcdd9f8da70d54) Importer(815301076,1909f56bfc062723c751e8b465ee728b)  -> (artifact id: 'dd2090f8998512ec328b8c492e5e5d3c') in 0.021293 seconds 
  Import took 0.027661 seconds .

========================================================================
Received Import Request.
  Time since last request: 0.000351 seconds.
  path: Assets/Bandits - Pixel Art/Sprites/HeavyBandit_6.asset
  artifactKey: Guid(912ac9fdc229b4740a1a246697fb761d) Importer(815301076,1909f56bfc062723c751e8b465ee728b)
Start importing Assets/Bandits - Pixel Art/Sprites/HeavyBandit_6.asset using Guid(912ac9fdc229b4740a1a246697fb761d) Importer(815301076,1909f56bfc062723c751e8b465ee728b)  -> (artifact id: '5b2f303657a0560f0c4ebe942e82b30d') in 0.022074 seconds 
  Import took 0.026127 seconds .

========================================================================
Received Import Request.
  Time since last request: 0.000294 seconds.
  path: Assets/Bandits - Pixel Art/Sprites/HeavyBandit_20.asset
  artifactKey: Guid(0ec609dd86472ef46b5ad57ab970581f) Importer(815301076,1909f56bfc062723c751e8b465ee728b)
Start importing Assets/Bandits - Pixel Art/Sprites/HeavyBandit_20.asset using Guid(0ec609dd86472ef46b5ad57ab970581f) Importer(815301076,1909f56bfc062723c751e8b465ee728b)  -> (artifact id: 'c1201eb12c4a693b4f42df0c539106b1') in 0.022183 seconds 
  Import took 0.029032 seconds .

========================================================================
Received Import Request.
  Time since last request: 0.000285 seconds.
  path: Assets/Bandits - Pixel Art/Sprites/HeavyBandit_15.asset
  artifactKey: Guid(2d98166b5d6aa3e4abd226f80f7e9f80) Importer(815301076,1909f56bfc062723c751e8b465ee728b)
Start importing Assets/Bandits - Pixel Art/Sprites/HeavyBandit_15.asset using Guid(2d98166b5d6aa3e4abd226f80f7e9f80) Importer(815301076,1909f56bfc062723c751e8b465ee728b)  -> (artifact id: '95da3e1056c1b8ce2e0e07780008fd8d') in 0.025045 seconds 
  Import took 0.029046 seconds .

========================================================================
Received Import Request.
  Time since last request: 19.369444 seconds.
  path: Assets/Bandits - Pixel Art/Environment/EnvironmentPalette_Bandits.prefab
  artifactKey: Guid(d0b1ecf02cfc8d74eb616310a86c7be6) Importer(815301076,1909f56bfc062723c751e8b465ee728b)
Start importing Assets/Bandits - Pixel Art/Environment/EnvironmentPalette_Bandits.prefab using Guid(d0b1ecf02cfc8d74eb616310a86c7be6) Importer(815301076,1909f56bfc062723c751e8b465ee728b)  -> (artifact id: 'fbe2afab87aee803276537610d096f72') in 0.029833 seconds 
  Import took 0.034266 seconds .

========================================================================
Received Prepare
Registering precompiled user dll's ...
Registered in 0.034287 seconds.
Begin MonoManager ReloadAssembly
Native extension for LinuxStandalone target not found
Native extension for WindowsStandalone target not found
Refreshing native plugins compatible for Editor in 0.61 ms, found 5 plugins.
Preloading 0 native plugins for Editor in 0.00 ms.
Mono: successfully reloaded assembly
- Completed reload, in  1.376 seconds
Domain Reload Profiling:
	ReloadAssembly (1376ms)
		BeginReloadAssembly (200ms)
			ExecutionOrderSort (0ms)
			DisableScriptedObjects (16ms)
			BackupInstance (0ms)
			ReleaseScriptingObjects (0ms)
			CreateAndSetChildDomain (88ms)
		EndReloadAssembly (1091ms)
			LoadAssemblies (123ms)
			RebuildTransferFunctionScriptingTraits (0ms)
			SetupTypeCache (353ms)
			ReleaseScriptCaches (1ms)
			RebuildScriptCaches (50ms)
			SetupLoadedEditorAssemblies (449ms)
				LogAssemblyErrors (0ms)
				InitializePlatformSupportModulesInManaged (8ms)
				SetLoadedEditorAssemblies (1ms)
				RefreshPlugins (1ms)
				BeforeProcessingInitializeOnLoad (94ms)
				ProcessInitializeOnLoadAttributes (332ms)
				ProcessInitializeOnLoadMethodAttributes (6ms)
				AfterProcessingInitializeOnLoad (8ms)
				EditorAssembliesLoaded (0ms)
			ExecutionOrderSort2 (0ms)
			AwakeInstancesAfterBackupRestoration (11ms)
Platform modules already initialized, skipping
Refreshing native plugins compatible for Editor in 0.62 ms, found 5 plugins.
Preloading 0 native plugins for Editor in 0.00 ms.
Unloading 2100 Unused Serialized files (Serialized files now loaded: 0)
System memory in use before: 96.5 MB.
System memory in use after: 96.6 MB.

Unloading 33 unused Assets to reduce memory usage. Loaded Objects now: 2599.
Total: 3.723600 ms (FindLiveObjects: 0.213800 ms CreateObjectMapping: 0.088700 ms MarkObjects: 3.381100 ms  DeleteObjects: 0.038700 ms)

AssetImportParameters requested are different than current active one (requested -> active):
  custom:framework-win-MediaFoundation: 216162199b28c13a410421893ffa2e32 -> 
  custom:video-decoder-ogg-theora: a1e56fd34408186e4bbccfd4996cb3dc -> 
  custom:container-muxer-webm: aa71ff27fc2769a1b78a27578f13a17b -> 
  custom:container-demuxer-webm: 4f35f7cbe854078d1ac9338744f61a02 -> 
  custom:container-demuxer-ogg: 62fdf1f143b41e24485cea50d1cbac27 -> 
  custom:video-encoder-webm-vp8: eb34c28f22e8b96e1ab97ce403110664 -> 
  custom:video-decoder-webm-vp8: 9c59270c3fd7afecdb556c50c9e8de78 -> 
  custom:audio-decoder-ogg-vorbis: bf7c407c2cedff20999df2af8eb42d56 -> 
  custom:audio-encoder-webm-vorbis: bf7c407c2cedff20999df2af8eb42d56 -> 
AssetImportWorkerClient::OnTransportError - code=2 error=End of file
